2013/05/02 10:16:28 INFO  - jmeter.util.JMeterUtils: Setting Locale to en_US 
2013/05/02 10:16:28 INFO  - jmeter.JMeter: Loading user properties from: /Users/ross/Downloads/jmeter/jakarta-jmeter-2.5/bin/user.properties 
2013/05/02 10:16:28 INFO  - jmeter.JMeter: Loading system properties from: /Users/ross/Downloads/jmeter/jakarta-jmeter-2.5/bin/system.properties 
2013/05/02 10:16:28 INFO  - jmeter.JMeter: Copyright (c) 1998-2011 The Apache Software Foundation 
2013/05/02 10:16:28 INFO  - jmeter.JMeter: Version 2.5.20110909 
2013/05/02 10:16:28 INFO  - jmeter.JMeter: java.version=1.6.0_45 
2013/05/02 10:16:28 INFO  - jmeter.JMeter: java.vm.name=Java HotSpot(TM) 64-Bit Server VM 
2013/05/02 10:16:28 INFO  - jmeter.JMeter: os.name=Mac OS X 
2013/05/02 10:16:28 INFO  - jmeter.JMeter: os.arch=x86_64 
2013/05/02 10:16:28 INFO  - jmeter.JMeter: os.version=10.8.3 
2013/05/02 10:16:28 INFO  - jmeter.JMeter: file.encoding=MacRoman 
2013/05/02 10:16:28 INFO  - jmeter.JMeter: Default Locale=English (United States) 
2013/05/02 10:16:28 INFO  - jmeter.JMeter: JMeter  Locale=English (United States) 
2013/05/02 10:16:28 INFO  - jmeter.JMeter: JMeterHome=/Users/ross/Downloads/jmeter/jakarta-jmeter-2.5 
2013/05/02 10:16:28 INFO  - jmeter.JMeter: user.dir  =/Users/ross/Downloads/jmeter/jakarta-jmeter-2.5/bin 
2013/05/02 10:16:28 INFO  - jmeter.JMeter: PWD       =/Users/ross/Downloads/jmeter/jakarta-jmeter-2.5/bin 
2013/05/02 10:16:28 INFO  - jmeter.JMeter: IP: 172.23.22.122 Name: wireless-nat-inside.uiowa.edu FullName: wireless-nat-inside.uiowa.edu 
2013/05/02 10:16:28 INFO  - jmeter.JMeter: Loaded icon properties from org/apache/jmeter/images/icon.properties 
2013/05/02 10:16:29 INFO  - jmeter.engine.util.CompoundVariable: Note: Function class names must contain the string: '.functions.' 
2013/05/02 10:16:29 INFO  - jmeter.engine.util.CompoundVariable: Note: Function class names must not contain the string: '.gui.' 
2013/05/02 10:16:29 ERROR - jmeter.gui.action.Help: Couldn't load help file java.io.FileNotFoundException: /Users/ross/Downloads/jmeter/jakarta-jmeter-2.5/printable_docs/usermanual/component_reference.html (No such file or directory) 
2013/05/02 10:16:30 INFO  - jmeter.util.BSFTestElement: Registering JMeter version of JavaScript engine as work-round for BSF-22 
2013/05/02 10:16:30 INFO  - jmeter.protocol.http.sampler.HTTPSamplerBase: Cannot find .className property for htmlParser, using default 
2013/05/02 10:16:30 INFO  - jmeter.protocol.http.sampler.HTTPSamplerBase: Parser for text/html is  
2013/05/02 10:16:30 INFO  - jmeter.protocol.http.sampler.HTTPSamplerBase: Parser for application/xhtml+xml is  
2013/05/02 10:16:30 INFO  - jmeter.protocol.http.sampler.HTTPSamplerBase: Parser for application/xml is  
2013/05/02 10:16:30 INFO  - jmeter.protocol.http.sampler.HTTPSamplerBase: Parser for text/xml is  
2013/05/02 10:16:30 INFO  - jmeter.protocol.http.sampler.HTTPSamplerBase: Parser for text/vnd.wap.wml is org.apache.jmeter.protocol.http.parser.RegexpHTMLParser 
2013/05/02 10:16:30 INFO  - jmeter.gui.util.MenuFactory: Skipping org.apache.jmeter.protocol.http.modifier.gui.ParamModifierGui 
2013/05/02 10:16:30 INFO  - jmeter.gui.util.MenuFactory: Skipping org.apache.jmeter.protocol.http.modifier.gui.UserParameterModifierGui 
2013/05/02 10:16:31 INFO  - jmeter.samplers.SampleResult: Note: Sample TimeStamps are START times 
2013/05/02 10:16:31 INFO  - jmeter.samplers.SampleResult: sampleresult.default.encoding is set to ISO-8859-1 
2013/05/02 10:16:31 INFO  - jmeter.samplers.SampleResult: sampleresult.useNanoTime=true 
2013/05/02 10:16:59 INFO  - jmeter.services.FileServer: Default base='/Users/ross/Downloads/jmeter/jakarta-jmeter-2.5/bin' 
2013/05/02 10:16:59 INFO  - jmeter.gui.action.Load: Loading file: /Users/ross/Downloads/jmeter/ISIS Stress Tests/ISIS Stress Tests.jmx 
2013/05/02 10:16:59 INFO  - jmeter.services.FileServer: Set new base '/Users/ross/Downloads/jmeter/ISIS Stress Tests' 
2013/05/02 10:16:59 INFO  - jmeter.save.SaveService: Testplan (JMX) version: 2.2. Testlog (JTL) version: 2.2 
2013/05/02 10:16:59 INFO  - jmeter.save.SaveService: Using SaveService properties file encoding UTF-8 
2013/05/02 10:16:59 INFO  - jmeter.save.SaveService: Using SaveService properties file version 1050447 
2013/05/02 10:16:59 INFO  - jmeter.save.SaveService: Using SaveService properties version 2.1 
2013/05/02 10:16:59 INFO  - jmeter.save.SaveService: All converter versions present and correct 
2013/05/02 10:17:00 INFO  - jmeter.services.FileServer: Set new base='/Users/ross/Downloads/jmeter/ISIS Stress Tests' 
2013/05/02 10:28:10 INFO  - jmeter.gui.action.Load: Loading file: /Users/ross/Downloads/jmeter/ISIS Stress Tests/ISIS Stress Tests.jmx 
2013/05/02 10:28:10 INFO  - jmeter.services.FileServer: Set new base '/Users/ross/Downloads/jmeter/ISIS Stress Tests' 
2013/05/02 10:28:11 INFO  - jmeter.services.FileServer: Set new base='/Users/ross/Downloads/jmeter/ISIS Stress Tests' 
2013/05/02 10:50:01 INFO  - jmeter.engine.StandardJMeterEngine: Listeners will be started after enabling running version 
2013/05/02 10:50:01 INFO  - jmeter.engine.StandardJMeterEngine: To revert to the earlier behaviour, define jmeterengine.startlistenerslater=false 
2013/05/02 10:50:01 INFO  - jmeter.engine.StandardJMeterEngine: Running the test! 
2013/05/02 10:50:01 INFO  - jmeter.gui.util.JMeterMenuBar: setRunning(true,*local*) 
2013/05/02 10:50:01 INFO  - jmeter.engine.StandardJMeterEngine: Starting setup thread groups 
2013/05/02 10:50:01 INFO  - jmeter.engine.StandardJMeterEngine: Starting Setup Thread: 1 
2013/05/02 10:50:01 INFO  - jmeter.engine.StandardJMeterEngine: Starting 1 threads for group Test Set Up. 
2013/05/02 10:50:01 INFO  - jmeter.engine.StandardJMeterEngine: Thread will continue on error 
2013/05/02 10:50:01 INFO  - jmeter.threads.JMeterThread: jmeterthread.startearlier=true (see jmeter.properties) 
2013/05/02 10:50:01 INFO  - jmeter.threads.JMeterThread: Running PostProcessors in forward order 
2013/05/02 10:50:02 INFO  - jmeter.engine.StandardJMeterEngine: Waiting for all setup thread groups To Exit 
2013/05/02 10:50:02 INFO  - jmeter.threads.JMeterThread: Thread started: Test Set Up 1-1 
2013/05/02 10:50:12 INFO  - jmeter.protocol.java.sampler.BSFSampler: Environment: dev 
2013/05/02 10:50:12 INFO  - jmeter.threads.JMeterThread: Thread finished: Test Set Up 1-1 
2013/05/02 10:50:12 INFO  - jmeter.engine.StandardJMeterEngine: Ending thread Test Set Up 1-1 
2013/05/02 10:50:12 INFO  - jmeter.engine.StandardJMeterEngine: All Setup Threads have ended 
2013/05/02 10:50:12 INFO  - jmeter.engine.StandardJMeterEngine: Starting 4 threads for group ICON Grade Upload. 
2013/05/02 10:50:12 INFO  - jmeter.engine.StandardJMeterEngine: Thread will continue on error 
2013/05/02 10:50:12 INFO  - jmeter.threads.JMeterThread: Thread started: ICON Grade Upload 1-1 
2013/05/02 10:50:12 WARN  - jmeter.protocol.http.sampler.HTTPSamplerBase: Existing CookieManager Cookie Manager superseded by Cookie Manager 
2013/05/02 10:50:12 INFO  - jmeter.protocol.http.sampler.HTTPJavaImpl: Maximum connection retries = 10 
2013/05/02 10:50:12 INFO  - jmeter.util.JsseSSLManager: Using default SSL protocol: TLS 
2013/05/02 10:50:12 INFO  - jmeter.util.JsseSSLManager: SSL session context: per-thread 
2013/05/02 10:50:12 INFO  - jmeter.util.SSLManager: JmeterKeyStore Location: /Users/ross/.keystore 
2013/05/02 10:50:12 INFO  - jmeter.util.SSLManager: KeyStore created OK, Type: JKS 
2013/05/02 10:50:12 WARN  - jmeter.util.SSLManager: Keystore file not found, loading empty keystore 
2013/05/02 10:50:12 INFO  - jmeter.engine.StandardJMeterEngine: All threads have been started 
2013/05/02 10:50:12 INFO  - jmeter.threads.JMeterThread: Thread started: ICON Grade Upload 1-2 
2013/05/02 10:50:12 WARN  - jmeter.protocol.http.sampler.HTTPSamplerBase: Existing CookieManager Cookie Manager superseded by Cookie Manager 
2013/05/02 10:50:12 WARN  - jmeter.protocol.http.sampler.HTTPSamplerBase: Existing CookieManager Cookie Manager superseded by Cookie Manager 
2013/05/02 10:50:12 WARN  - jmeter.protocol.http.sampler.HTTPSamplerBase: Existing CookieManager Cookie Manager superseded by Cookie Manager 
2013/05/02 10:50:12 INFO  - jmeter.threads.JMeterThread: Thread started: ICON Grade Upload 1-3 
2013/05/02 10:50:12 WARN  - jmeter.protocol.http.sampler.HTTPSamplerBase: Existing CookieManager Cookie Manager superseded by Cookie Manager 
2013/05/02 10:50:12 WARN  - jmeter.protocol.http.sampler.HTTPSamplerBase: Existing CookieManager Cookie Manager superseded by Cookie Manager 
2013/05/02 10:50:12 WARN  - jmeter.protocol.http.sampler.HTTPSamplerBase: Existing CookieManager Cookie Manager superseded by Cookie Manager 
2013/05/02 10:50:12 WARN  - jmeter.protocol.http.sampler.HTTPSamplerBase: Existing CookieManager Cookie Manager superseded by Cookie Manager 
2013/05/02 10:50:12 WARN  - jmeter.protocol.http.sampler.HTTPSamplerBase: Existing CookieManager Cookie Manager superseded by Cookie Manager 
2013/05/02 10:50:13 INFO  - jmeter.threads.JMeterThread: Thread started: ICON Grade Upload 1-4 
2013/05/02 10:50:13 WARN  - jmeter.protocol.http.sampler.HTTPSamplerBase: Existing CookieManager Cookie Manager superseded by Cookie Manager 
2013/05/02 10:50:13 WARN  - jmeter.protocol.http.sampler.HTTPSamplerBase: Existing CookieManager Cookie Manager superseded by Cookie Manager 
2013/05/02 10:50:13 WARN  - jmeter.protocol.http.sampler.HTTPSamplerBase: Existing CookieManager Cookie Manager superseded by Cookie Manager 
2013/05/02 10:50:16 INFO  - jmeter.services.FileServer: Stored: configs/Spring2013/courses.csv 
2013/05/02 10:50:16 INFO  - jmeter.services.CSVAccessor: Loading configs/Spring2013/courses.csv for random line access 
2013/05/02 10:50:16 INFO  - jmeter.threads.JMeterThread: Thread finished: ICON Grade Upload 1-2 
2013/05/02 10:50:16 INFO  - jmeter.engine.StandardJMeterEngine: Ending thread ICON Grade Upload 1-2 
2013/05/02 10:50:16 INFO  - jmeter.threads.JMeterThread: Thread finished: ICON Grade Upload 1-1 
2013/05/02 10:50:16 INFO  - jmeter.engine.StandardJMeterEngine: Ending thread ICON Grade Upload 1-1 
2013/05/02 10:50:17 INFO  - jmeter.threads.JMeterThread: Thread finished: ICON Grade Upload 1-3 
2013/05/02 10:50:17 INFO  - jmeter.engine.StandardJMeterEngine: Ending thread ICON Grade Upload 1-3 
2013/05/02 10:50:18 INFO  - jmeter.threads.JMeterThread: Thread finished: ICON Grade Upload 1-4 
2013/05/02 10:50:18 INFO  - jmeter.engine.StandardJMeterEngine: Ending thread ICON Grade Upload 1-4 
2013/05/02 10:50:18 INFO  - jmeter.engine.StandardJMeterEngine: Notifying test listeners of end of test 
2013/05/02 10:50:18 INFO  - jmeter.services.FileServer: Close: configs/Spring2013/courses.csv 
2013/05/02 10:50:18 INFO  - jmeter.gui.util.JMeterMenuBar: setRunning(false,*local*) 
2013/05/02 10:50:18 INFO  - jmeter.engine.StandardJMeterEngine: Test has ended 
2013/05/02 10:52:58 INFO  - jmeter.engine.StandardJMeterEngine: Running the test! 
2013/05/02 10:52:58 INFO  - jmeter.gui.util.JMeterMenuBar: setRunning(true,*local*) 
2013/05/02 10:52:58 INFO  - jmeter.engine.StandardJMeterEngine: Starting setup thread groups 
2013/05/02 10:52:58 INFO  - jmeter.engine.StandardJMeterEngine: Starting Setup Thread: 1 
2013/05/02 10:52:58 INFO  - jmeter.engine.StandardJMeterEngine: Starting 1 threads for group Test Set Up. 
2013/05/02 10:52:58 INFO  - jmeter.engine.StandardJMeterEngine: Thread will continue on error 
2013/05/02 10:52:58 INFO  - jmeter.engine.StandardJMeterEngine: Waiting for all setup thread groups To Exit 
2013/05/02 10:52:58 INFO  - jmeter.threads.JMeterThread: Thread started: Test Set Up 1-1 
2013/05/02 10:53:07 INFO  - jmeter.protocol.java.sampler.BSFSampler: Environment: dev 
2013/05/02 10:53:07 INFO  - jmeter.threads.JMeterThread: Thread finished: Test Set Up 1-1 
2013/05/02 10:53:07 INFO  - jmeter.engine.StandardJMeterEngine: Ending thread Test Set Up 1-1 
2013/05/02 10:53:07 INFO  - jmeter.engine.StandardJMeterEngine: All Setup Threads have ended 
2013/05/02 10:53:07 INFO  - jmeter.engine.StandardJMeterEngine: Starting 4 threads for group ICON Grade Upload. 
2013/05/02 10:53:07 INFO  - jmeter.engine.StandardJMeterEngine: Thread will continue on error 
2013/05/02 10:53:07 INFO  - jmeter.threads.JMeterThread: Thread started: ICON Grade Upload 1-1 
2013/05/02 10:53:07 WARN  - jmeter.protocol.http.sampler.HTTPSamplerBase: Existing CookieManager Cookie Manager superseded by Cookie Manager 
2013/05/02 10:53:07 INFO  - jmeter.engine.StandardJMeterEngine: All threads have been started 
2013/05/02 10:53:07 WARN  - jmeter.protocol.http.sampler.HTTPSamplerBase: Existing CookieManager Cookie Manager superseded by Cookie Manager 
2013/05/02 10:53:07 INFO  - jmeter.threads.JMeterThread: Thread finished: ICON Grade Upload 1-1 
2013/05/02 10:53:07 INFO  - jmeter.engine.StandardJMeterEngine: Ending thread ICON Grade Upload 1-1 
2013/05/02 10:53:07 INFO  - jmeter.threads.JMeterThread: Thread started: ICON Grade Upload 1-2 
2013/05/02 10:53:07 WARN  - jmeter.protocol.http.sampler.HTTPSamplerBase: Existing CookieManager Cookie Manager superseded by Cookie Manager 
2013/05/02 10:53:08 INFO  - jmeter.threads.JMeterThread: Thread started: ICON Grade Upload 1-3 
2013/05/02 10:53:08 WARN  - jmeter.protocol.http.sampler.HTTPSamplerBase: Existing CookieManager Cookie Manager superseded by Cookie Manager 
2013/05/02 10:53:08 WARN  - jmeter.protocol.http.sampler.HTTPSamplerBase: Existing CookieManager Cookie Manager superseded by Cookie Manager 
2013/05/02 10:53:08 INFO  - jmeter.threads.JMeterThread: Thread finished: ICON Grade Upload 1-3 
2013/05/02 10:53:08 INFO  - jmeter.engine.StandardJMeterEngine: Ending thread ICON Grade Upload 1-3 
2013/05/02 10:53:08 INFO  - jmeter.threads.JMeterThread: Thread started: ICON Grade Upload 1-4 
2013/05/02 10:53:08 WARN  - jmeter.protocol.http.sampler.HTTPSamplerBase: Existing CookieManager Cookie Manager superseded by Cookie Manager 
2013/05/02 10:53:08 WARN  - jmeter.protocol.http.sampler.HTTPSamplerBase: Existing CookieManager Cookie Manager superseded by Cookie Manager 
2013/05/02 10:53:08 INFO  - jmeter.threads.JMeterThread: Thread finished: ICON Grade Upload 1-4 
2013/05/02 10:53:08 INFO  - jmeter.engine.StandardJMeterEngine: Ending thread ICON Grade Upload 1-4 
2013/05/02 10:53:09 WARN  - jmeter.protocol.http.sampler.HTTPSamplerBase: Existing CookieManager Cookie Manager superseded by Cookie Manager 
2013/05/02 10:53:09 INFO  - jmeter.threads.JMeterThread: Thread finished: ICON Grade Upload 1-2 
2013/05/02 10:53:09 INFO  - jmeter.engine.StandardJMeterEngine: Ending thread ICON Grade Upload 1-2 
2013/05/02 10:53:09 INFO  - jmeter.engine.StandardJMeterEngine: Notifying test listeners of end of test 
2013/05/02 10:53:09 INFO  - jmeter.gui.util.JMeterMenuBar: setRunning(false,*local*) 
2013/05/02 10:53:09 INFO  - jmeter.engine.StandardJMeterEngine: Test has ended 
2013/05/02 10:53:55 INFO  - jmeter.engine.StandardJMeterEngine: Running the test! 
2013/05/02 10:53:55 INFO  - jmeter.gui.util.JMeterMenuBar: setRunning(true,*local*) 
2013/05/02 10:53:55 INFO  - jmeter.engine.StandardJMeterEngine: Starting setup thread groups 
2013/05/02 10:53:55 INFO  - jmeter.engine.StandardJMeterEngine: Starting Setup Thread: 1 
2013/05/02 10:53:55 INFO  - jmeter.engine.StandardJMeterEngine: Starting 1 threads for group Test Set Up. 
2013/05/02 10:53:55 INFO  - jmeter.engine.StandardJMeterEngine: Thread will continue on error 
2013/05/02 10:53:55 INFO  - jmeter.engine.StandardJMeterEngine: Waiting for all setup thread groups To Exit 
2013/05/02 10:53:55 INFO  - jmeter.threads.JMeterThread: Thread started: Test Set Up 1-1 
2013/05/02 10:54:06 INFO  - jmeter.protocol.java.sampler.BSFSampler: Environment: dev 
2013/05/02 10:54:06 INFO  - jmeter.threads.JMeterThread: Thread finished: Test Set Up 1-1 
2013/05/02 10:54:06 INFO  - jmeter.engine.StandardJMeterEngine: Ending thread Test Set Up 1-1 
2013/05/02 10:54:06 INFO  - jmeter.engine.StandardJMeterEngine: All Setup Threads have ended 
2013/05/02 10:54:06 INFO  - jmeter.engine.StandardJMeterEngine: Starting 4 threads for group ICON Grade Upload. 
2013/05/02 10:54:06 INFO  - jmeter.engine.StandardJMeterEngine: Thread will continue on error 
2013/05/02 10:54:06 INFO  - jmeter.threads.JMeterThread: Thread started: ICON Grade Upload 1-1 
2013/05/02 10:54:06 WARN  - jmeter.protocol.http.sampler.HTTPSamplerBase: Existing CookieManager Cookie Manager superseded by Cookie Manager 
2013/05/02 10:54:06 INFO  - jmeter.engine.StandardJMeterEngine: All threads have been started 
2013/05/02 10:54:06 INFO  - jmeter.threads.JMeterThread: Thread started: ICON Grade Upload 1-2 
2013/05/02 10:54:06 WARN  - jmeter.protocol.http.sampler.HTTPSamplerBase: Existing CookieManager Cookie Manager superseded by Cookie Manager 
2013/05/02 10:54:06 WARN  - jmeter.protocol.http.sampler.HTTPSamplerBase: Existing CookieManager Cookie Manager superseded by Cookie Manager 
2013/05/02 10:54:06 WARN  - jmeter.protocol.http.sampler.HTTPSamplerBase: Existing CookieManager Cookie Manager superseded by Cookie Manager 
2013/05/02 10:54:06 INFO  - jmeter.threads.JMeterThread: Thread finished: ICON Grade Upload 1-2 
2013/05/02 10:54:06 INFO  - jmeter.engine.StandardJMeterEngine: Ending thread ICON Grade Upload 1-2 
2013/05/02 10:54:06 INFO  - jmeter.threads.JMeterThread: Thread finished: ICON Grade Upload 1-1 
2013/05/02 10:54:06 INFO  - jmeter.engine.StandardJMeterEngine: Ending thread ICON Grade Upload 1-1 
2013/05/02 10:54:06 INFO  - jmeter.threads.JMeterThread: Thread started: ICON Grade Upload 1-3 
2013/05/02 10:54:06 WARN  - jmeter.protocol.http.sampler.HTTPSamplerBase: Existing CookieManager Cookie Manager superseded by Cookie Manager 
2013/05/02 10:54:06 WARN  - jmeter.protocol.http.sampler.HTTPSamplerBase: Existing CookieManager Cookie Manager superseded by Cookie Manager 
2013/05/02 10:54:07 INFO  - jmeter.threads.JMeterThread: Thread finished: ICON Grade Upload 1-3 
2013/05/02 10:54:07 INFO  - jmeter.engine.StandardJMeterEngine: Ending thread ICON Grade Upload 1-3 
2013/05/02 10:54:07 INFO  - jmeter.threads.JMeterThread: Thread started: ICON Grade Upload 1-4 
2013/05/02 10:54:07 WARN  - jmeter.protocol.http.sampler.HTTPSamplerBase: Existing CookieManager Cookie Manager superseded by Cookie Manager 
2013/05/02 10:54:07 WARN  - jmeter.protocol.http.sampler.HTTPSamplerBase: Existing CookieManager Cookie Manager superseded by Cookie Manager 
2013/05/02 10:54:07 INFO  - jmeter.threads.JMeterThread: Thread finished: ICON Grade Upload 1-4 
2013/05/02 10:54:07 INFO  - jmeter.engine.StandardJMeterEngine: Ending thread ICON Grade Upload 1-4 
2013/05/02 10:54:07 INFO  - jmeter.engine.StandardJMeterEngine: Notifying test listeners of end of test 
2013/05/02 10:54:07 INFO  - jmeter.gui.util.JMeterMenuBar: setRunning(false,*local*) 
2013/05/02 10:54:07 INFO  - jmeter.engine.StandardJMeterEngine: Test has ended 
2013/05/02 10:54:47 INFO  - jmeter.engine.StandardJMeterEngine: Running the test! 
2013/05/02 10:54:47 INFO  - jmeter.gui.util.JMeterMenuBar: setRunning(true,*local*) 
2013/05/02 10:54:47 INFO  - jmeter.engine.StandardJMeterEngine: Starting setup thread groups 
2013/05/02 10:54:47 INFO  - jmeter.engine.StandardJMeterEngine: Starting Setup Thread: 1 
2013/05/02 10:54:47 INFO  - jmeter.engine.StandardJMeterEngine: Starting 1 threads for group Test Set Up. 
2013/05/02 10:54:47 INFO  - jmeter.engine.StandardJMeterEngine: Thread will continue on error 
2013/05/02 10:54:47 INFO  - jmeter.engine.StandardJMeterEngine: Waiting for all setup thread groups To Exit 
2013/05/02 10:54:47 INFO  - jmeter.threads.JMeterThread: Thread started: Test Set Up 1-1 
2013/05/02 10:54:47 INFO  - jmeter.protocol.java.sampler.BSFSampler: Environment: dev 
2013/05/02 10:54:47 INFO  - jmeter.threads.JMeterThread: Thread finished: Test Set Up 1-1 
2013/05/02 10:54:47 INFO  - jmeter.engine.StandardJMeterEngine: Ending thread Test Set Up 1-1 
2013/05/02 10:54:47 INFO  - jmeter.engine.StandardJMeterEngine: All Setup Threads have ended 
2013/05/02 10:54:48 INFO  - jmeter.engine.StandardJMeterEngine: Starting 4 threads for group ICON Grade Upload. 
2013/05/02 10:54:48 INFO  - jmeter.engine.StandardJMeterEngine: Thread will continue on error 
2013/05/02 10:54:48 INFO  - jmeter.threads.JMeterThread: Thread started: ICON Grade Upload 1-1 
2013/05/02 10:54:48 WARN  - jmeter.protocol.http.sampler.HTTPSamplerBase: Existing CookieManager Cookie Manager superseded by Cookie Manager 
2013/05/02 10:54:48 INFO  - jmeter.engine.StandardJMeterEngine: All threads have been started 
2013/05/02 10:54:48 WARN  - jmeter.protocol.http.sampler.HTTPSamplerBase: Existing CookieManager Cookie Manager superseded by Cookie Manager 
2013/05/02 10:54:48 INFO  - jmeter.threads.JMeterThread: Thread finished: ICON Grade Upload 1-1 
2013/05/02 10:54:48 INFO  - jmeter.engine.StandardJMeterEngine: Ending thread ICON Grade Upload 1-1 
2013/05/02 10:54:48 INFO  - jmeter.threads.JMeterThread: Thread started: ICON Grade Upload 1-2 
2013/05/02 10:54:48 WARN  - jmeter.protocol.http.sampler.HTTPSamplerBase: Existing CookieManager Cookie Manager superseded by Cookie Manager 
2013/05/02 10:54:48 WARN  - jmeter.protocol.http.sampler.HTTPSamplerBase: Existing CookieManager Cookie Manager superseded by Cookie Manager 
2013/05/02 10:54:48 INFO  - jmeter.threads.JMeterThread: Thread finished: ICON Grade Upload 1-2 
2013/05/02 10:54:48 INFO  - jmeter.engine.StandardJMeterEngine: Ending thread ICON Grade Upload 1-2 
2013/05/02 10:54:48 INFO  - jmeter.threads.JMeterThread: Thread started: ICON Grade Upload 1-3 
2013/05/02 10:54:48 WARN  - jmeter.protocol.http.sampler.HTTPSamplerBase: Existing CookieManager Cookie Manager superseded by Cookie Manager 
2013/05/02 10:54:48 WARN  - jmeter.protocol.http.sampler.HTTPSamplerBase: Existing CookieManager Cookie Manager superseded by Cookie Manager 
2013/05/02 10:54:48 INFO  - jmeter.threads.JMeterThread: Thread finished: ICON Grade Upload 1-3 
2013/05/02 10:54:48 INFO  - jmeter.engine.StandardJMeterEngine: Ending thread ICON Grade Upload 1-3 
2013/05/02 10:54:48 INFO  - jmeter.threads.JMeterThread: Thread started: ICON Grade Upload 1-4 
2013/05/02 10:54:48 WARN  - jmeter.protocol.http.sampler.HTTPSamplerBase: Existing CookieManager Cookie Manager superseded by Cookie Manager 
2013/05/02 10:54:48 WARN  - jmeter.protocol.http.sampler.HTTPSamplerBase: Existing CookieManager Cookie Manager superseded by Cookie Manager 
2013/05/02 10:54:49 INFO  - jmeter.threads.JMeterThread: Thread finished: ICON Grade Upload 1-4 
2013/05/02 10:54:49 INFO  - jmeter.engine.StandardJMeterEngine: Ending thread ICON Grade Upload 1-4 
2013/05/02 10:54:49 INFO  - jmeter.engine.StandardJMeterEngine: Notifying test listeners of end of test 
2013/05/02 10:54:49 INFO  - jmeter.gui.util.JMeterMenuBar: setRunning(false,*local*) 
2013/05/02 10:54:49 INFO  - jmeter.engine.StandardJMeterEngine: Test has ended 
2013/05/02 10:57:18 INFO  - jmeter.engine.StandardJMeterEngine: Running the test! 
2013/05/02 10:57:18 INFO  - jmeter.gui.util.JMeterMenuBar: setRunning(true,*local*) 
2013/05/02 10:57:18 INFO  - jmeter.engine.StandardJMeterEngine: Starting setup thread groups 
2013/05/02 10:57:18 INFO  - jmeter.engine.StandardJMeterEngine: Starting Setup Thread: 1 
2013/05/02 10:57:18 INFO  - jmeter.engine.StandardJMeterEngine: Starting 1 threads for group Test Set Up. 
2013/05/02 10:57:18 INFO  - jmeter.engine.StandardJMeterEngine: Thread will continue on error 
2013/05/02 10:57:18 INFO  - jmeter.engine.StandardJMeterEngine: Waiting for all setup thread groups To Exit 
2013/05/02 10:57:18 INFO  - jmeter.threads.JMeterThread: Thread started: Test Set Up 1-1 
2013/05/02 10:57:18 INFO  - jmeter.protocol.java.sampler.BSFSampler: Environment: dev 
2013/05/02 10:57:18 INFO  - jmeter.threads.JMeterThread: Thread finished: Test Set Up 1-1 
2013/05/02 10:57:18 INFO  - jmeter.engine.StandardJMeterEngine: Ending thread Test Set Up 1-1 
2013/05/02 10:57:18 INFO  - jmeter.engine.StandardJMeterEngine: All Setup Threads have ended 
2013/05/02 10:57:19 INFO  - jmeter.engine.StandardJMeterEngine: Starting 4 threads for group ICON Grade Upload. 
2013/05/02 10:57:19 INFO  - jmeter.engine.StandardJMeterEngine: Thread will continue on error 
2013/05/02 10:57:19 INFO  - jmeter.threads.JMeterThread: Thread started: ICON Grade Upload 1-1 
2013/05/02 10:57:19 WARN  - jmeter.protocol.http.sampler.HTTPSamplerBase: Existing CookieManager Cookie Manager superseded by Cookie Manager 
2013/05/02 10:57:19 INFO  - jmeter.engine.StandardJMeterEngine: All threads have been started 
2013/05/02 10:57:19 WARN  - jmeter.protocol.http.sampler.HTTPSamplerBase: Existing CookieManager Cookie Manager superseded by Cookie Manager 
2013/05/02 10:57:19 INFO  - jmeter.threads.JMeterThread: Thread finished: ICON Grade Upload 1-1 
2013/05/02 10:57:19 INFO  - jmeter.engine.StandardJMeterEngine: Ending thread ICON Grade Upload 1-1 
2013/05/02 10:57:19 INFO  - jmeter.threads.JMeterThread: Thread started: ICON Grade Upload 1-2 
2013/05/02 10:57:19 WARN  - jmeter.protocol.http.sampler.HTTPSamplerBase: Existing CookieManager Cookie Manager superseded by Cookie Manager 
2013/05/02 10:57:19 WARN  - jmeter.protocol.http.sampler.HTTPSamplerBase: Existing CookieManager Cookie Manager superseded by Cookie Manager 
2013/05/02 10:57:19 INFO  - jmeter.threads.JMeterThread: Thread started: ICON Grade Upload 1-3 
2013/05/02 10:57:19 WARN  - jmeter.protocol.http.sampler.HTTPSamplerBase: Existing CookieManager Cookie Manager superseded by Cookie Manager 
2013/05/02 10:57:19 INFO  - jmeter.threads.JMeterThread: Thread started: ICON Grade Upload 1-4 
2013/05/02 10:57:19 WARN  - jmeter.protocol.http.sampler.HTTPSamplerBase: Existing CookieManager Cookie Manager superseded by Cookie Manager 
2013/05/02 10:57:19 WARN  - jmeter.protocol.http.sampler.HTTPSamplerBase: Existing CookieManager Cookie Manager superseded by Cookie Manager 
2013/05/02 10:57:20 INFO  - jmeter.threads.JMeterThread: Thread finished: ICON Grade Upload 1-4 
2013/05/02 10:57:20 INFO  - jmeter.engine.StandardJMeterEngine: Ending thread ICON Grade Upload 1-4 
2013/05/02 10:57:20 INFO  - jmeter.threads.JMeterThread: Thread finished: ICON Grade Upload 1-2 
2013/05/02 10:57:20 INFO  - jmeter.engine.StandardJMeterEngine: Ending thread ICON Grade Upload 1-2 
2013/05/02 10:57:20 WARN  - jmeter.protocol.http.sampler.HTTPSamplerBase: Existing CookieManager Cookie Manager superseded by Cookie Manager 
2013/05/02 10:57:20 INFO  - jmeter.threads.JMeterThread: Thread finished: ICON Grade Upload 1-3 
2013/05/02 10:57:20 INFO  - jmeter.engine.StandardJMeterEngine: Ending thread ICON Grade Upload 1-3 
2013/05/02 10:57:20 INFO  - jmeter.engine.StandardJMeterEngine: Notifying test listeners of end of test 
2013/05/02 10:57:21 INFO  - jmeter.gui.util.JMeterMenuBar: setRunning(false,*local*) 
2013/05/02 10:57:21 INFO  - jmeter.engine.StandardJMeterEngine: Test has ended 
2013/05/02 10:58:09 INFO  - jmeter.engine.StandardJMeterEngine: Running the test! 
2013/05/02 10:58:09 INFO  - jmeter.gui.util.JMeterMenuBar: setRunning(true,*local*) 
2013/05/02 10:58:09 INFO  - jmeter.engine.StandardJMeterEngine: Starting setup thread groups 
2013/05/02 10:58:09 INFO  - jmeter.engine.StandardJMeterEngine: Starting Setup Thread: 1 
2013/05/02 10:58:09 INFO  - jmeter.engine.StandardJMeterEngine: Starting 1 threads for group Test Set Up. 
2013/05/02 10:58:09 INFO  - jmeter.engine.StandardJMeterEngine: Thread will continue on error 
2013/05/02 10:58:09 INFO  - jmeter.engine.StandardJMeterEngine: Waiting for all setup thread groups To Exit 
2013/05/02 10:58:09 INFO  - jmeter.threads.JMeterThread: Thread started: Test Set Up 1-1 
2013/05/02 10:58:09 INFO  - jmeter.protocol.java.sampler.BSFSampler: Environment: dev 
2013/05/02 10:58:09 INFO  - jmeter.threads.JMeterThread: Thread finished: Test Set Up 1-1 
2013/05/02 10:58:09 INFO  - jmeter.engine.StandardJMeterEngine: Ending thread Test Set Up 1-1 
2013/05/02 10:58:09 INFO  - jmeter.engine.StandardJMeterEngine: All Setup Threads have ended 
2013/05/02 10:58:09 INFO  - jmeter.engine.StandardJMeterEngine: Starting 4 threads for group ICON Grade Upload. 
2013/05/02 10:58:09 INFO  - jmeter.engine.StandardJMeterEngine: Thread will continue on error 
2013/05/02 10:58:09 INFO  - jmeter.threads.JMeterThread: Thread started: ICON Grade Upload 1-1 
2013/05/02 10:58:09 WARN  - jmeter.protocol.http.sampler.HTTPSamplerBase: Existing CookieManager Cookie Manager superseded by Cookie Manager 
2013/05/02 10:58:09 INFO  - jmeter.engine.StandardJMeterEngine: All threads have been started 
2013/05/02 10:58:09 WARN  - jmeter.protocol.http.sampler.HTTPSamplerBase: Existing CookieManager Cookie Manager superseded by Cookie Manager 
2013/05/02 10:58:09 WARN  - jmeter.protocol.http.sampler.HTTPSamplerBase: Existing CookieManager Cookie Manager superseded by Cookie Manager 
2013/05/02 10:58:09 INFO  - jmeter.threads.JMeterThread: Thread started: ICON Grade Upload 1-2 
2013/05/02 10:58:09 WARN  - jmeter.protocol.http.sampler.HTTPSamplerBase: Existing CookieManager Cookie Manager superseded by Cookie Manager 
2013/05/02 10:58:09 WARN  - jmeter.protocol.http.sampler.HTTPSamplerBase: Existing CookieManager Cookie Manager superseded by Cookie Manager 
2013/05/02 10:58:09 WARN  - jmeter.protocol.http.sampler.HTTPSamplerBase: Existing CookieManager Cookie Manager superseded by Cookie Manager 
2013/05/02 10:58:10 INFO  - jmeter.threads.JMeterThread: Thread started: ICON Grade Upload 1-3 
2013/05/02 10:58:10 WARN  - jmeter.protocol.http.sampler.HTTPSamplerBase: Existing CookieManager Cookie Manager superseded by Cookie Manager 
2013/05/02 10:58:10 WARN  - jmeter.protocol.http.sampler.HTTPSamplerBase: Existing CookieManager Cookie Manager superseded by Cookie Manager 
2013/05/02 10:58:10 WARN  - jmeter.protocol.http.sampler.HTTPSamplerBase: Existing CookieManager Cookie Manager superseded by Cookie Manager 
2013/05/02 10:58:10 INFO  - jmeter.threads.JMeterThread: Thread started: ICON Grade Upload 1-4 
2013/05/02 10:58:10 WARN  - jmeter.protocol.http.sampler.HTTPSamplerBase: Existing CookieManager Cookie Manager superseded by Cookie Manager 
2013/05/02 10:58:10 WARN  - jmeter.protocol.http.sampler.HTTPSamplerBase: Existing CookieManager Cookie Manager superseded by Cookie Manager 
2013/05/02 10:58:10 WARN  - jmeter.protocol.http.sampler.HTTPSamplerBase: Existing CookieManager Cookie Manager superseded by Cookie Manager 
2013/05/02 10:58:28 INFO  - jmeter.threads.JMeterThread: Thread finished: ICON Grade Upload 1-1 
2013/05/02 10:58:28 INFO  - jmeter.engine.StandardJMeterEngine: Ending thread ICON Grade Upload 1-1 
2013/05/02 10:58:42 INFO  - jmeter.threads.JMeterThread: Thread finished: ICON Grade Upload 1-3 
2013/05/02 10:58:42 INFO  - jmeter.engine.StandardJMeterEngine: Ending thread ICON Grade Upload 1-3 
2013/05/02 10:59:33 INFO  - jmeter.threads.JMeterThread: Thread finished: ICON Grade Upload 1-4 
2013/05/02 10:59:33 INFO  - jmeter.engine.StandardJMeterEngine: Ending thread ICON Grade Upload 1-4 
2013/05/02 10:59:48 INFO  - jmeter.threads.JMeterThread: Thread finished: ICON Grade Upload 1-2 
2013/05/02 10:59:48 INFO  - jmeter.engine.StandardJMeterEngine: Ending thread ICON Grade Upload 1-2 
2013/05/02 10:59:48 INFO  - jmeter.engine.StandardJMeterEngine: Notifying test listeners of end of test 
2013/05/02 10:59:48 INFO  - jmeter.gui.util.JMeterMenuBar: setRunning(false,*local*) 
2013/05/02 10:59:48 INFO  - jmeter.engine.StandardJMeterEngine: Test has ended 
2013/05/02 11:00:49 INFO  - jmeter.services.FileServer: Set new base='/Users/ross/Downloads/jmeter/ISIS Stress Tests' 
2013/05/02 11:00:54 INFO  - jmeter.engine.StandardJMeterEngine: Running the test! 
2013/05/02 11:00:54 INFO  - jmeter.gui.util.JMeterMenuBar: setRunning(true,*local*) 
2013/05/02 11:00:54 INFO  - jmeter.engine.StandardJMeterEngine: Starting setup thread groups 
2013/05/02 11:00:54 INFO  - jmeter.engine.StandardJMeterEngine: Starting Setup Thread: 1 
2013/05/02 11:00:54 INFO  - jmeter.engine.StandardJMeterEngine: Starting 1 threads for group Test Set Up. 
2013/05/02 11:00:54 INFO  - jmeter.engine.StandardJMeterEngine: Thread will continue on error 
2013/05/02 11:00:54 INFO  - jmeter.engine.StandardJMeterEngine: Waiting for all setup thread groups To Exit 
2013/05/02 11:00:54 INFO  - jmeter.threads.JMeterThread: Thread started: Test Set Up 1-1 
2013/05/02 11:01:02 INFO  - jmeter.protocol.java.sampler.BSFSampler: Environment: dev 
2013/05/02 11:01:02 INFO  - jmeter.threads.JMeterThread: Thread finished: Test Set Up 1-1 
2013/05/02 11:01:02 INFO  - jmeter.engine.StandardJMeterEngine: Ending thread Test Set Up 1-1 
2013/05/02 11:01:02 INFO  - jmeter.engine.StandardJMeterEngine: All Setup Threads have ended 
2013/05/02 11:01:02 INFO  - jmeter.engine.StandardJMeterEngine: Starting 4 threads for group ICON Grade Upload. 
2013/05/02 11:01:02 INFO  - jmeter.engine.StandardJMeterEngine: Thread will continue on error 
2013/05/02 11:01:02 INFO  - jmeter.threads.JMeterThread: Thread started: ICON Grade Upload 1-1 
2013/05/02 11:01:02 WARN  - jmeter.protocol.http.sampler.HTTPSamplerBase: Existing CookieManager Cookie Manager superseded by Cookie Manager 
2013/05/02 11:01:02 INFO  - jmeter.engine.StandardJMeterEngine: All threads have been started 
2013/05/02 11:01:02 WARN  - jmeter.protocol.http.sampler.HTTPSamplerBase: Existing CookieManager Cookie Manager superseded by Cookie Manager 
2013/05/02 11:01:02 WARN  - jmeter.protocol.http.sampler.HTTPSamplerBase: Existing CookieManager Cookie Manager superseded by Cookie Manager 
2013/05/02 11:01:03 INFO  - jmeter.threads.JMeterThread: Thread started: ICON Grade Upload 1-2 
2013/05/02 11:01:03 WARN  - jmeter.protocol.http.sampler.HTTPSamplerBase: Existing CookieManager Cookie Manager superseded by Cookie Manager 
2013/05/02 11:01:03 WARN  - jmeter.protocol.http.sampler.HTTPSamplerBase: Existing CookieManager Cookie Manager superseded by Cookie Manager 
2013/05/02 11:01:03 WARN  - jmeter.protocol.http.sampler.HTTPSamplerBase: Existing CookieManager Cookie Manager superseded by Cookie Manager 
2013/05/02 11:01:03 INFO  - jmeter.threads.JMeterThread: Thread started: ICON Grade Upload 1-3 
2013/05/02 11:01:03 WARN  - jmeter.protocol.http.sampler.HTTPSamplerBase: Existing CookieManager Cookie Manager superseded by Cookie Manager 
2013/05/02 11:01:03 WARN  - jmeter.protocol.http.sampler.HTTPSamplerBase: Existing CookieManager Cookie Manager superseded by Cookie Manager 
2013/05/02 11:01:03 WARN  - jmeter.protocol.http.sampler.HTTPSamplerBase: Existing CookieManager Cookie Manager superseded by Cookie Manager 
2013/05/02 11:01:03 INFO  - jmeter.threads.JMeterThread: Thread started: ICON Grade Upload 1-4 
2013/05/02 11:01:03 WARN  - jmeter.protocol.http.sampler.HTTPSamplerBase: Existing CookieManager Cookie Manager superseded by Cookie Manager 
2013/05/02 11:01:03 WARN  - jmeter.protocol.http.sampler.HTTPSamplerBase: Existing CookieManager Cookie Manager superseded by Cookie Manager 
2013/05/02 11:01:03 WARN  - jmeter.protocol.http.sampler.HTTPSamplerBase: Existing CookieManager Cookie Manager superseded by Cookie Manager 
2013/05/02 11:01:23 INFO  - jmeter.threads.JMeterThread: Thread finished: ICON Grade Upload 1-2 
2013/05/02 11:01:23 INFO  - jmeter.engine.StandardJMeterEngine: Ending thread ICON Grade Upload 1-2 
2013/05/02 11:01:25 INFO  - jmeter.threads.JMeterThread: Thread finished: ICON Grade Upload 1-4 
2013/05/02 11:01:25 INFO  - jmeter.engine.StandardJMeterEngine: Ending thread ICON Grade Upload 1-4 
2013/05/02 11:01:33 INFO  - jmeter.threads.JMeterThread: Thread finished: ICON Grade Upload 1-3 
2013/05/02 11:01:33 INFO  - jmeter.engine.StandardJMeterEngine: Ending thread ICON Grade Upload 1-3 
2013/05/02 11:02:04 INFO  - jmeter.threads.JMeterThread: Thread finished: ICON Grade Upload 1-1 
2013/05/02 11:02:04 INFO  - jmeter.engine.StandardJMeterEngine: Ending thread ICON Grade Upload 1-1 
2013/05/02 11:02:04 INFO  - jmeter.engine.StandardJMeterEngine: Notifying test listeners of end of test 
2013/05/02 11:02:04 INFO  - jmeter.gui.util.JMeterMenuBar: setRunning(false,*local*) 
2013/05/02 11:02:04 INFO  - jmeter.engine.StandardJMeterEngine: Test has ended 
2013/05/02 11:03:35 WARN  - jmeter.visualizers.ViewResultsFullVisualizer: Response too large to be displayed. Size: 1334723 > Max: 204800 
2013/05/02 11:03:36 WARN  - jmeter.visualizers.ViewResultsFullVisualizer: Response too large to be displayed. Size: 1833640 > Max: 204800 
2013/05/02 11:03:37 WARN  - jmeter.visualizers.ViewResultsFullVisualizer: Response too large to be displayed. Size: 2255924 > Max: 204800 
2013/05/02 11:03:37 WARN  - jmeter.visualizers.ViewResultsFullVisualizer: Response too large to be displayed. Size: 9570111 > Max: 204800 
